<?xml version="1.0" encoding="UTF-8"?>
<testsuite xmlns:xsi="http://www.w3.org/2001/XMLSchema-instance" xsi:noNamespaceSchemaLocation="https://maven.apache.org/surefire/maven-surefire-plugin/xsd/surefire-test-report.xsd" name="com.fresco.ecommerce.ECommerceApplicationTests" time="5.928" tests="24" errors="0" skipped="0" failures="0">
  <properties>
[...]
</properties>
  <testcase name="productSearchStatus" classname="com.fresco.ecommerce.ECommerceApplicationTests" time="0.379"/>
  <testcase name="productSearchWithoutKeyword" classname="com.fresco.ecommerce.ECommerceApplicationTests" time="0.005"/>
  <testcase name="productSearchWithProductName" classname="com.fresco.ecommerce.ECommerceApplicationTests" time="0.016"/>
  <testcase name="productSearchWithCategoryName" classname="com.fresco.ecommerce.ECommerceApplicationTests" time="0.01"/>
  <testcase name="consumerAuthEndpoint" classname="com.fresco.ecommerce.ECommerceApplicationTests" time="0.008"/>
  <testcase name="sellerAuthEndpoint" classname="com.fresco.ecommerce.ECommerceApplicationTests" time="0.004"/>
  <testcase name="consumerLoginWithBadCreds" classname="com.fresco.ecommerce.ECommerceApplicationTests" time="0.033"/>
  <testcase name="consumerLoginWithValidCreds" classname="com.fresco.ecommerce.ECommerceApplicationTests" time="0.075"/>
  <testcase name="consumerGetCartWithValidJWT" classname="com.fresco.ecommerce.ECommerceApplicationTests" time="0.081"/>
  <testcase name="sellerApiWithConsumerJWT" classname="com.fresco.ecommerce.ECommerceApplicationTests" time="0.014"/>
  <testcase name="sellerLoginWithValidCreds" classname="com.fresco.ecommerce.ECommerceApplicationTests" time="0.012"/>
  <testcase name="sellerGetProductsWithValidJWT" classname="com.fresco.ecommerce.ECommerceApplicationTests" time="0.029"/>
  <testcase name="consumerApiWithSellerJWT" classname="com.fresco.ecommerce.ECommerceApplicationTests" time="0.013"/>
  <testcase name="sellerAddNewProduct" classname="com.fresco.ecommerce.ECommerceApplicationTests" time="0.087"/>
  <testcase name="sellerCheckAddedNewProduct" classname="com.fresco.ecommerce.ECommerceApplicationTests" time="0.049"/>
  <testcase name="sellerCheckProductFromAnotherSeller" classname="com.fresco.ecommerce.ECommerceApplicationTests" time="0.04"/>
  <testcase name="sellerUpdateProduct" classname="com.fresco.ecommerce.ECommerceApplicationTests" time="0.075"/>
  <testcase name="sellerUpdateProductWithWrongProductId" classname="com.fresco.ecommerce.ECommerceApplicationTests" time="0.021"/>
  <testcase name="consumerAddProductToCart" classname="com.fresco.ecommerce.ECommerceApplicationTests" time="0.055"/>
  <testcase name="consumerAddProductToCartAgain" classname="com.fresco.ecommerce.ECommerceApplicationTests" time="0.02"/>
  <testcase name="consumerUpdateProductInCart" classname="com.fresco.ecommerce.ECommerceApplicationTests" time="0.035"/>
  <testcase name="consumerUpdateProductInCartWithZeroQuantity" classname="com.fresco.ecommerce.ECommerceApplicationTests" time="0.05"/>
  <testcase name="consumerDeleteProductInCart" classname="com.fresco.ecommerce.ECommerceApplicationTests" time="0.028"/>
  <testcase name="sellerDeleteProduct" classname="com.fresco.ecommerce.ECommerceApplicationTests" time="0.043"/>
</testsuite>